# JRE version: OpenJDK Runtime Environment (8.0_322) (build 1.8.0_322-ga)
# Java VM: OpenJDK 64-Bit Server VM (25.322-bga mixed mode linux-amd64 compressed oops)
Heap:
 def new generation   total 157248K, used 106586K [0x00000000e0000000, 0x00000000eaaa0000, 0x00000000eaaa0000)
  eden space 139776K,  75% used [0x00000000e0000000, 0x00000000e676ef08, 0x00000000e8880000)
  from space 17472K,   3% used [0x00000000e8880000, 0x00000000e8927c18, 0x00000000e9990000)
  to   space 17472K,   0% used [0x00000000e9990000, 0x00000000e9990000, 0x00000000eaaa0000)
 tenured generation   total 349568K, used 333922K [0x00000000eaaa0000, 0x0000000100000000, 0x0000000100000000)
   the space 349568K,  95% used [0x00000000eaaa0000, 0x00000000ff0b8868, 0x00000000ff0b8a00, 0x0000000100000000)
 Metaspace       used 76301K, capacity 79352K, committed 79616K, reserved 1118208K
  class space    used 9460K, capacity 10203K, committed 10240K, reserved 1048576K
GC Heap History (10 events):
Event: 5559.997 GC heap before
{Heap before GC invocations=602 (full 11):
 def new generation   total 157248K, used 140353K [0x00000000e0000000, 0x00000000eaaa0000, 0x00000000eaaa0000)
  eden space 139776K, 100% used [0x00000000e0000000, 0x00000000e8880000, 0x00000000e8880000)
  from space 17472K,   3% used [0x00000000e9990000, 0x00000000e9a20660, 0x00000000eaaa0000)
  to   space 17472K,   0% used [0x00000000e8880000, 0x00000000e8880000, 0x00000000e9990000)
 tenured generation   total 349568K, used 333671K [0x00000000eaaa0000, 0x0000000100000000, 0x0000000100000000)
   the space 349568K,  95% used [0x00000000eaaa0000, 0x00000000ff079d40, 0x00000000ff079e00, 0x0000000100000000)
 Metaspace       used 76285K, capacity 79352K, committed 79616K, reserved 1118208K
  class space    used 9460K, capacity 10203K, committed 10240K, reserved 1048576K
Event: 5560.022 GC heap after
Heap after GC invocations=603 (full 11):
 def new generation   total 157248K, used 638K [0x00000000e0000000, 0x00000000eaaa0000, 0x00000000eaaa0000)
  eden space 139776K,   0% used [0x00000000e0000000, 0x00000000e0000000, 0x00000000e8880000)
  from space 17472K,   3% used [0x00000000e8880000, 0x00000000e891fb18, 0x00000000e9990000)
  to   space 17472K,   0% used [0x00000000e9990000, 0x00000000e9990000, 0x00000000eaaa0000)
 tenured generation   total 349568K, used 333676K [0x00000000eaaa0000, 0x0000000100000000, 0x0000000100000000)
   the space 349568K,  95% used [0x00000000eaaa0000, 0x00000000ff07b008, 0x00000000ff07b200, 0x0000000100000000)
 Metaspace       used 76285K, capacity 79352K, committed 79616K, reserved 1118208K
  class space    used 9460K, capacity 10203K, committed 10240K, reserved 1048576K
}
Event: 5567.003 GC heap before
{Heap before GC invocations=603 (full 11):
 def new generation   total 157248K, used 140414K [0x00000000e0000000, 0x00000000eaaa0000, 0x00000000eaaa0000)
  eden space 139776K, 100% used [0x00000000e0000000, 0x00000000e8880000, 0x00000000e8880000)
  from space 17472K,   3% used [0x00000000e8880000, 0x00000000e891fb18, 0x00000000e9990000)
  to   space 17472K,   0% used [0x00000000e9990000, 0x00000000e9990000, 0x00000000eaaa0000)
 tenured generation   total 349568K, used 333676K [0x00000000eaaa0000, 0x0000000100000000, 0x0000000100000000)
   the space 349568K,  95% used [0x00000000eaaa0000, 0x00000000ff07b008, 0x00000000ff07b200, 0x0000000100000000)
 Metaspace       used 76300K, capacity 79352K, committed 79616K, reserved 1118208K
  class space    used 9460K, capacity 10203K, committed 10240K, reserved 1048576K
Event: 5567.047 GC heap after
Heap after GC invocations=604 (full 11):
 def new generation   total 157248K, used 969K [0x00000000e0000000, 0x00000000eaaa0000, 0x00000000eaaa0000)
  eden space 139776K,   0% used [0x00000000e0000000, 0x00000000e0000000, 0x00000000e8880000)
  from space 17472K,   5% used [0x00000000e9990000, 0x00000000e9a824f8, 0x00000000eaaa0000)
  to   space 17472K,   0% used [0x00000000e8880000, 0x00000000e8880000, 0x00000000e9990000)
 tenured generation   total 349568K, used 333693K [0x00000000eaaa0000, 0x0000000100000000, 0x0000000100000000)
   the space 349568K,  95% used [0x00000000eaaa0000, 0x00000000ff07f638, 0x00000000ff07f800, 0x0000000100000000)
 Metaspace       used 76300K, capacity 79352K, committed 79616K, reserved 1118208K
  class space    used 9460K, capacity 10203K, committed 10240K, reserved 1048576K
}
Event: 5579.969 GC heap before
{Heap before GC invocations=604 (full 11):
 def new generation   total 157248K, used 140745K [0x00000000e0000000, 0x00000000eaaa0000, 0x00000000eaaa0000)
  eden space 139776K, 100% used [0x00000000e0000000, 0x00000000e8880000, 0x00000000e8880000)
  from space 17472K,   5% used [0x00000000e9990000, 0x00000000e9a824f8, 0x00000000eaaa0000)
  to   space 17472K,   0% used [0x00000000e8880000, 0x00000000e8880000, 0x00000000e9990000)
 tenured generation   total 349568K, used 333693K [0x00000000eaaa0000, 0x0000000100000000, 0x0000000100000000)
   the space 349568K,  95% used [0x00000000eaaa0000, 0x00000000ff07f638, 0x00000000ff07f800, 0x0000000100000000)
 Metaspace       used 76300K, capacity 79352K, committed 79616K, reserved 1118208K
  class space    used 9460K, capacity 10203K, committed 10240K, reserved 1048576K
Event: 5579.980 GC heap after
Heap after GC invocations=605 (full 11):
 def new generation   total 157248K, used 609K [0x00000000e0000000, 0x00000000eaaa0000, 0x00000000eaaa0000)
  eden space 139776K,   0% used [0x00000000e0000000, 0x00000000e0000000, 0x00000000e8880000)
  from space 17472K,   3% used [0x00000000e8880000, 0x00000000e8918748, 0x00000000e9990000)
  to   space 17472K,   0% used [0x00000000e9990000, 0x00000000e9990000, 0x00000000eaaa0000)
 tenured generation   total 349568K, used 333910K [0x00000000eaaa0000, 0x0000000100000000, 0x0000000100000000)
   the space 349568K,  95% used [0x00000000eaaa0000, 0x00000000ff0b5a00, 0x00000000ff0b5a00, 0x0000000100000000)
 Metaspace       used 76300K, capacity 79352K, committed 79616K, reserved 1118208K
  class space    used 9460K, capacity 10203K, committed 10240K, reserved 1048576K
}
Event: 5588.756 GC heap before
{Heap before GC invocations=605 (full 11):
 def new generation   total 157248K, used 140385K [0x00000000e0000000, 0x00000000eaaa0000, 0x00000000eaaa0000)
  eden space 139776K, 100% used [0x00000000e0000000, 0x00000000e8880000, 0x00000000e8880000)
  from space 17472K,   3% used [0x00000000e8880000, 0x00000000e8918748, 0x00000000e9990000)
  to   space 17472K,   0% used [0x00000000e9990000, 0x00000000e9990000, 0x00000000eaaa0000)
 tenured generation   total 349568K, used 333910K [0x00000000eaaa0000, 0x0000000100000000, 0x0000000100000000)
   the space 349568K,  95% used [0x00000000eaaa0000, 0x00000000ff0b5a00, 0x00000000ff0b5a00, 0x0000000100000000)
 Metaspace       used 76300K, capacity 79352K, committed 79616K, reserved 1118208K
  class space    used 9460K, capacity 10203K, committed 10240K, reserved 1048576K
Event: 5588.802 GC heap after
Heap after GC invocations=606 (full 11):
 def new generation   total 157248K, used 615K [0x00000000e0000000, 0x00000000eaaa0000, 0x00000000eaaa0000)
  eden space 139776K,   0% used [0x00000000e0000000, 0x00000000e0000000, 0x00000000e8880000)
  from space 17472K,   3% used [0x00000000e9990000, 0x00000000e9a29c50, 0x00000000eaaa0000)
  to   space 17472K,   0% used [0x00000000e8880000, 0x00000000e8880000, 0x00000000e9990000)
 tenured generation   total 349568K, used 333912K [0x00000000eaaa0000, 0x0000000100000000, 0x0000000100000000)
   the space 349568K,  95% used [0x00000000eaaa0000, 0x00000000ff0b60e8, 0x00000000ff0b6200, 0x0000000100000000)
 Metaspace       used 76300K, capacity 79352K, committed 79616K, reserved 1118208K
  class space    used 9460K, capacity 10203K, committed 10240K, reserved 1048576K
}
Event: 5594.683 GC heap before
{Heap before GC invocations=606 (full 11):
 def new generation   total 157248K, used 140391K [0x00000000e0000000, 0x00000000eaaa0000, 0x00000000eaaa0000)
  eden space 139776K, 100% used [0x00000000e0000000, 0x00000000e8880000, 0x00000000e8880000)
  from space 17472K,   3% used [0x00000000e9990000, 0x00000000e9a29c50, 0x00000000eaaa0000)
  to   space 17472K,   0% used [0x00000000e8880000, 0x00000000e8880000, 0x00000000e9990000)
 tenured generation   total 349568K, used 333912K [0x00000000eaaa0000, 0x0000000100000000, 0x0000000100000000)
   the space 349568K,  95% used [0x00000000eaaa0000, 0x00000000ff0b60e8, 0x00000000ff0b6200, 0x0000000100000000)
 Metaspace       used 76300K, capacity 79352K, committed 79616K, reserved 1118208K
  class space    used 9460K, capacity 10203K, committed 10240K, reserved 1048576K
Event: 5594.695 GC heap after
Heap after GC invocations=607 (full 11):
 def new generation   total 157248K, used 671K [0x00000000e0000000, 0x00000000eaaa0000, 0x00000000eaaa0000)
  eden space 139776K,   0% used [0x00000000e0000000, 0x00000000e0000000, 0x00000000e8880000)
  from space 17472K,   3% used [0x00000000e8880000, 0x00000000e8927c18, 0x00000000e9990000)
  to   space 17472K,   0% used [0x00000000e9990000, 0x00000000e9990000, 0x00000000eaaa0000)
 tenured generation   total 349568K, used 333922K [0x00000000eaaa0000, 0x0000000100000000, 0x0000000100000000)
   the space 349568K,  95% used [0x00000000eaaa0000, 0x00000000ff0b8868, 0x00000000ff0b8a00, 0x0000000100000000)
 Metaspace       used 76300K, capacity 79352K, committed 79616K, reserved 1118208K
  class space    used 9460K, capacity 10203K, committed 10240K, reserved 1048576K
}

