# JRE version: OpenJDK Runtime Environment (8.0_322) (build 1.8.0_322-ga)
# Java VM: OpenJDK 64-Bit Server VM (25.322-bga mixed mode linux-amd64 compressed oops)
Heap:
 def new generation   total 157248K, used 141178K [0x00000000e0000000, 0x00000000eaaa0000, 0x00000000eaaa0000)
  eden space 139776K, 100% used [0x00000000e0000000, 0x00000000e8880000, 0x00000000e8880000)
  from space 17472K,   8% used [0x00000000e9990000, 0x00000000e9aee828, 0x00000000eaaa0000)
  to   space 17472K,   0% used [0x00000000e8880000, 0x00000000e8880000, 0x00000000e9990000)
 tenured generation   total 349568K, used 283370K [0x00000000eaaa0000, 0x0000000100000000, 0x0000000100000000)
   the space 349568K,  81% used [0x00000000eaaa0000, 0x00000000fbf5abb0, 0x00000000fbf5ac00, 0x0000000100000000)
 Metaspace       used 75864K, capacity 78914K, committed 79104K, reserved 1118208K
  class space    used 9446K, capacity 10184K, committed 10240K, reserved 1048576K
GC Heap History (10 events):
Event: 566.794 GC heap before
{Heap before GC invocations=121 (full 12):
 def new generation   total 157248K, used 141116K [0x00000000e0000000, 0x00000000eaaa0000, 0x00000000eaaa0000)
  eden space 139776K, 100% used [0x00000000e0000000, 0x00000000e8880000, 0x00000000e8880000)
  from space 17472K,   7% used [0x00000000e8880000, 0x00000000e89cf3c8, 0x00000000e9990000)
  to   space 17472K,   0% used [0x00000000e9990000, 0x00000000e9990000, 0x00000000eaaa0000)
 tenured generation   total 349568K, used 283035K [0x00000000eaaa0000, 0x0000000100000000, 0x0000000100000000)
   the space 349568K,  80% used [0x00000000eaaa0000, 0x00000000fbf06f60, 0x00000000fbf07000, 0x0000000100000000)
 Metaspace       used 75853K, capacity 78914K, committed 79104K, reserved 1118208K
  class space    used 9446K, capacity 10184K, committed 10240K, reserved 1048576K
Event: 566.820 GC heap after
Heap after GC invocations=122 (full 12):
 def new generation   total 157248K, used 1166K [0x00000000e0000000, 0x00000000eaaa0000, 0x00000000eaaa0000)
  eden space 139776K,   0% used [0x00000000e0000000, 0x00000000e0000000, 0x00000000e8880000)
  from space 17472K,   6% used [0x00000000e9990000, 0x00000000e9ab3b50, 0x00000000eaaa0000)
  to   space 17472K,   0% used [0x00000000e8880000, 0x00000000e8880000, 0x00000000e9990000)
 tenured generation   total 349568K, used 283242K [0x00000000eaaa0000, 0x0000000100000000, 0x0000000100000000)
   the space 349568K,  81% used [0x00000000eaaa0000, 0x00000000fbf3aa10, 0x00000000fbf3ac00, 0x0000000100000000)
 Metaspace       used 75853K, capacity 78914K, committed 79104K, reserved 1118208K
  class space    used 9446K, capacity 10184K, committed 10240K, reserved 1048576K
}
Event: 569.381 GC heap before
{Heap before GC invocations=122 (full 12):
 def new generation   total 157248K, used 140942K [0x00000000e0000000, 0x00000000eaaa0000, 0x00000000eaaa0000)
  eden space 139776K, 100% used [0x00000000e0000000, 0x00000000e8880000, 0x00000000e8880000)
  from space 17472K,   6% used [0x00000000e9990000, 0x00000000e9ab3b50, 0x00000000eaaa0000)
  to   space 17472K,   0% used [0x00000000e8880000, 0x00000000e8880000, 0x00000000e9990000)
 tenured generation   total 349568K, used 283242K [0x00000000eaaa0000, 0x0000000100000000, 0x0000000100000000)
   the space 349568K,  81% used [0x00000000eaaa0000, 0x00000000fbf3aa10, 0x00000000fbf3ac00, 0x0000000100000000)
 Metaspace       used 75853K, capacity 78914K, committed 79104K, reserved 1118208K
  class space    used 9446K, capacity 10184K, committed 10240K, reserved 1048576K
Event: 569.391 GC heap after
Heap after GC invocations=123 (full 12):
 def new generation   total 157248K, used 1240K [0x00000000e0000000, 0x00000000eaaa0000, 0x00000000eaaa0000)
  eden space 139776K,   0% used [0x00000000e0000000, 0x00000000e0000000, 0x00000000e8880000)
  from space 17472K,   7% used [0x00000000e8880000, 0x00000000e89b6318, 0x00000000e9990000)
  to   space 17472K,   0% used [0x00000000e9990000, 0x00000000e9990000, 0x00000000eaaa0000)
 tenured generation   total 349568K, used 283252K [0x00000000eaaa0000, 0x0000000100000000, 0x0000000100000000)
   the space 349568K,  81% used [0x00000000eaaa0000, 0x00000000fbf3d058, 0x00000000fbf3d200, 0x0000000100000000)
 Metaspace       used 75853K, capacity 78914K, committed 79104K, reserved 1118208K
  class space    used 9446K, capacity 10184K, committed 10240K, reserved 1048576K
}
Event: 571.498 GC heap before
{Heap before GC invocations=123 (full 12):
 def new generation   total 157248K, used 141016K [0x00000000e0000000, 0x00000000eaaa0000, 0x00000000eaaa0000)
  eden space 139776K, 100% used [0x00000000e0000000, 0x00000000e8880000, 0x00000000e8880000)
  from space 17472K,   7% used [0x00000000e8880000, 0x00000000e89b6318, 0x00000000e9990000)
  to   space 17472K,   0% used [0x00000000e9990000, 0x00000000e9990000, 0x00000000eaaa0000)
 tenured generation   total 349568K, used 283252K [0x00000000eaaa0000, 0x0000000100000000, 0x0000000100000000)
   the space 349568K,  81% used [0x00000000eaaa0000, 0x00000000fbf3d058, 0x00000000fbf3d200, 0x0000000100000000)
 Metaspace       used 75860K, capacity 78914K, committed 79104K, reserved 1118208K
  class space    used 9446K, capacity 10184K, committed 10240K, reserved 1048576K
Event: 571.518 GC heap after
Heap after GC invocations=124 (full 12):
 def new generation   total 157248K, used 1246K [0x00000000e0000000, 0x00000000eaaa0000, 0x00000000eaaa0000)
  eden space 139776K,   0% used [0x00000000e0000000, 0x00000000e0000000, 0x00000000e8880000)
  from space 17472K,   7% used [0x00000000e9990000, 0x00000000e9ac7b18, 0x00000000eaaa0000)
  to   space 17472K,   0% used [0x00000000e8880000, 0x00000000e8880000, 0x00000000e9990000)
 tenured generation   total 349568K, used 283255K [0x00000000eaaa0000, 0x0000000100000000, 0x0000000100000000)
   the space 349568K,  81% used [0x00000000eaaa0000, 0x00000000fbf3de30, 0x00000000fbf3e000, 0x0000000100000000)
 Metaspace       used 75860K, capacity 78914K, committed 79104K, reserved 1118208K
  class space    used 9446K, capacity 10184K, committed 10240K, reserved 1048576K
}
Event: 573.337 GC heap before
{Heap before GC invocations=124 (full 12):
 def new generation   total 157248K, used 141022K [0x00000000e0000000, 0x00000000eaaa0000, 0x00000000eaaa0000)
  eden space 139776K, 100% used [0x00000000e0000000, 0x00000000e8880000, 0x00000000e8880000)
  from space 17472K,   7% used [0x00000000e9990000, 0x00000000e9ac7b18, 0x00000000eaaa0000)
  to   space 17472K,   0% used [0x00000000e8880000, 0x00000000e8880000, 0x00000000e9990000)
 tenured generation   total 349568K, used 283255K [0x00000000eaaa0000, 0x0000000100000000, 0x0000000100000000)
   the space 349568K,  81% used [0x00000000eaaa0000, 0x00000000fbf3de30, 0x00000000fbf3e000, 0x0000000100000000)
 Metaspace       used 75863K, capacity 78914K, committed 79104K, reserved 1118208K
  class space    used 9446K, capacity 10184K, committed 10240K, reserved 1048576K
Event: 573.375 GC heap after
Heap after GC invocations=125 (full 12):
 def new generation   total 157248K, used 1140K [0x00000000e0000000, 0x00000000eaaa0000, 0x00000000eaaa0000)
  eden space 139776K,   0% used [0x00000000e0000000, 0x00000000e0000000, 0x00000000e8880000)
  from space 17472K,   6% used [0x00000000e8880000, 0x00000000e899d270, 0x00000000e9990000)
  to   space 17472K,   0% used [0x00000000e9990000, 0x00000000e9990000, 0x00000000eaaa0000)
 tenured generation   total 349568K, used 283365K [0x00000000eaaa0000, 0x0000000100000000, 0x0000000100000000)
   the space 349568K,  81% used [0x00000000eaaa0000, 0x00000000fbf59730, 0x00000000fbf59800, 0x0000000100000000)
 Metaspace       used 75863K, capacity 78914K, committed 79104K, reserved 1118208K
  class space    used 9446K, capacity 10184K, committed 10240K, reserved 1048576K
}
Event: 575.593 GC heap before
{Heap before GC invocations=125 (full 12):
 def new generation   total 157248K, used 140916K [0x00000000e0000000, 0x00000000eaaa0000, 0x00000000eaaa0000)
  eden space 139776K, 100% used [0x00000000e0000000, 0x00000000e8880000, 0x00000000e8880000)
  from space 17472K,   6% used [0x00000000e8880000, 0x00000000e899d270, 0x00000000e9990000)
  to   space 17472K,   0% used [0x00000000e9990000, 0x00000000e9990000, 0x00000000eaaa0000)
 tenured generation   total 349568K, used 283365K [0x00000000eaaa0000, 0x0000000100000000, 0x0000000100000000)
   the space 349568K,  81% used [0x00000000eaaa0000, 0x00000000fbf59730, 0x00000000fbf59800, 0x0000000100000000)
 Metaspace       used 75864K, capacity 78914K, committed 79104K, reserved 1118208K
  class space    used 9446K, capacity 10184K, committed 10240K, reserved 1048576K
Event: 575.613 GC heap after
Heap after GC invocations=126 (full 12):
 def new generation   total 157248K, used 1402K [0x00000000e0000000, 0x00000000eaaa0000, 0x00000000eaaa0000)
  eden space 139776K,   0% used [0x00000000e0000000, 0x00000000e0000000, 0x00000000e8880000)
  from space 17472K,   8% used [0x00000000e9990000, 0x00000000e9aee828, 0x00000000eaaa0000)
  to   space 17472K,   0% used [0x00000000e8880000, 0x00000000e8880000, 0x00000000e9990000)
 tenured generation   total 349568K, used 283370K [0x00000000eaaa0000, 0x0000000100000000, 0x0000000100000000)
   the space 349568K,  81% used [0x00000000eaaa0000, 0x00000000fbf5abb0, 0x00000000fbf5ac00, 0x0000000100000000)
 Metaspace       used 75864K, capacity 78914K, committed 79104K, reserved 1118208K
  class space    used 9446K, capacity 10184K, committed 10240K, reserved 1048576K
}

