# JRE version: OpenJDK Runtime Environment (8.0_322) (build 1.8.0_322-ga)
# Java VM: OpenJDK 64-Bit Server VM (25.322-bga mixed mode linux-amd64 compressed oops)
Heap:
 def new generation   total 14080K, used 8070K [0x00000000f8000000, 0x00000000f8f40000, 0x00000000faaa0000)
  eden space 12544K,  56% used [0x00000000f8000000, 0x00000000f86dfa70, 0x00000000f8c40000)
  from space 1536K,  67% used [0x00000000f8dc0000, 0x00000000f8ec1ee8, 0x00000000f8f40000)
  to   space 1536K,   0% used [0x00000000f8c40000, 0x00000000f8c40000, 0x00000000f8dc0000)
 tenured generation   total 31044K, used 18625K [0x00000000faaa0000, 0x00000000fc8f1000, 0x0000000100000000)
   the space 31044K,  59% used [0x00000000faaa0000, 0x00000000fbcd0738, 0x00000000fbcd0800, 0x00000000fc8f1000)
 Metaspace       used 33026K, capacity 34300K, committed 34432K, reserved 1079296K
  class space    used 4142K, capacity 4392K, committed 4480K, reserved 1048576K
GC Heap History (10 events):
Event: 70.598 GC heap before
{Heap before GC invocations=18 (full 2):
 def new generation   total 6784K, used 2392K [0x00000000f8000000, 0x00000000f8750000, 0x00000000faaa0000)
  eden space 6080K,  39% used [0x00000000f8000000, 0x00000000f82560b8, 0x00000000f85f0000)
  from space 704K,   0% used [0x00000000f85f0000, 0x00000000f85f0000, 0x00000000f86a0000)
  to   space 704K,   0% used [0x00000000f86a0000, 0x00000000f86a0000, 0x00000000f8750000)
 tenured generation   total 14808K, used 8884K [0x00000000faaa0000, 0x00000000fb916000, 0x0000000100000000)
   the space 14808K,  59% used [0x00000000faaa0000, 0x00000000fb34d0b0, 0x00000000fb34d200, 0x00000000fb916000)
 Metaspace       used 28397K, capacity 28910K, committed 29184K, reserved 1075200K
  class space    used 3548K, capacity 3743K, committed 3840K, reserved 1048576K
Event: 70.662 GC heap after
Heap after GC invocations=19 (full 2):
 def new generation   total 6784K, used 704K [0x00000000f8000000, 0x00000000f8750000, 0x00000000faaa0000)
  eden space 6080K,   0% used [0x00000000f8000000, 0x00000000f8000000, 0x00000000f85f0000)
  from space 704K, 100% used [0x00000000f86a0000, 0x00000000f8750000, 0x00000000f8750000)
  to   space 704K,   0% used [0x00000000f85f0000, 0x00000000f85f0000, 0x00000000f86a0000)
 tenured generation   total 14808K, used 9025K [0x00000000faaa0000, 0x00000000fb916000, 0x0000000100000000)
   the space 14808K,  60% used [0x00000000faaa0000, 0x00000000fb370560, 0x00000000fb370600, 0x00000000fb916000)
 Metaspace       used 28397K, capacity 28910K, committed 29184K, reserved 1075200K
  class space    used 3548K, capacity 3743K, committed 3840K, reserved 1048576K
}
Event: 74.479 GC heap before
{Heap before GC invocations=19 (full 2):
 def new generation   total 6784K, used 6784K [0x00000000f8000000, 0x00000000f8750000, 0x00000000faaa0000)
  eden space 6080K, 100% used [0x00000000f8000000, 0x00000000f85f0000, 0x00000000f85f0000)
  from space 704K, 100% used [0x00000000f86a0000, 0x00000000f8750000, 0x00000000f8750000)
  to   space 704K,   0% used [0x00000000f85f0000, 0x00000000f85f0000, 0x00000000f86a0000)
 tenured generation   total 14808K, used 9025K [0x00000000faaa0000, 0x00000000fb916000, 0x0000000100000000)
   the space 14808K,  60% used [0x00000000faaa0000, 0x00000000fb370560, 0x00000000fb370600, 0x00000000fb916000)
 Metaspace       used 29442K, capacity 30020K, committed 30336K, reserved 1075200K
  class space    used 3707K, capacity 3900K, committed 3968K, reserved 1048576K
Event: 74.656 GC heap after
Heap after GC invocations=20 (full 2):
 def new generation   total 6784K, used 380K [0x00000000f8000000, 0x00000000f8750000, 0x00000000faaa0000)
  eden space 6080K,   0% used [0x00000000f8000000, 0x00000000f8000000, 0x00000000f85f0000)
  from space 704K,  54% used [0x00000000f85f0000, 0x00000000f864f398, 0x00000000f86a0000)
  to   space 704K,   0% used [0x00000000f86a0000, 0x00000000f86a0000, 0x00000000f8750000)
 tenured generation   total 14808K, used 13499K [0x00000000faaa0000, 0x00000000fb916000, 0x0000000100000000)
   the space 14808K,  91% used [0x00000000faaa0000, 0x00000000fb7ceeb0, 0x00000000fb7cf000, 0x00000000fb916000)
 Metaspace       used 29442K, capacity 30020K, committed 30336K, reserved 1075200K
  class space    used 3707K, capacity 3900K, committed 3968K, reserved 1048576K
}
Event: 84.414 GC heap before
{Heap before GC invocations=20 (full 2):
 def new generation   total 6784K, used 6460K [0x00000000f8000000, 0x00000000f8750000, 0x00000000faaa0000)
  eden space 6080K, 100% used [0x00000000f8000000, 0x00000000f85f0000, 0x00000000f85f0000)
  from space 704K,  54% used [0x00000000f85f0000, 0x00000000f864f398, 0x00000000f86a0000)
  to   space 704K,   0% used [0x00000000f86a0000, 0x00000000f86a0000, 0x00000000f8750000)
 tenured generation   total 14808K, used 13499K [0x00000000faaa0000, 0x00000000fb916000, 0x0000000100000000)
   the space 14808K,  91% used [0x00000000faaa0000, 0x00000000fb7ceeb0, 0x00000000fb7cf000, 0x00000000fb916000)
 Metaspace       used 31789K, capacity 33094K, committed 33280K, reserved 1079296K
  class space    used 4027K, capacity 4293K, committed 4352K, reserved 1048576K
Event: 84.607 GC heap after
Heap after GC invocations=21 (full 2):
 def new generation   total 6784K, used 703K [0x00000000f8000000, 0x00000000f8750000, 0x00000000faaa0000)
  eden space 6080K,   0% used [0x00000000f8000000, 0x00000000f8000000, 0x00000000f85f0000)
  from space 704K,  99% used [0x00000000f86a0000, 0x00000000f874fff8, 0x00000000f8750000)
  to   space 704K,   0% used [0x00000000f85f0000, 0x00000000f85f0000, 0x00000000f86a0000)
 tenured generation   total 14808K, used 14237K [0x00000000faaa0000, 0x00000000fb916000, 0x0000000100000000)
   the space 14808K,  96% used [0x00000000faaa0000, 0x00000000fb887588, 0x00000000fb887600, 0x00000000fb916000)
 Metaspace       used 31789K, capacity 33094K, committed 33280K, reserved 1079296K
  class space    used 4027K, capacity 4293K, committed 4352K, reserved 1048576K
}
Event: 94.359 GC heap before
{Heap before GC invocations=21 (full 2):
 def new generation   total 6784K, used 6783K [0x00000000f8000000, 0x00000000f8750000, 0x00000000faaa0000)
  eden space 6080K, 100% used [0x00000000f8000000, 0x00000000f85f0000, 0x00000000f85f0000)
  from space 704K,  99% used [0x00000000f86a0000, 0x00000000f874fff8, 0x00000000f8750000)
  to   space 704K,   0% used [0x00000000f85f0000, 0x00000000f85f0000, 0x00000000f86a0000)
 tenured generation   total 14808K, used 14237K [0x00000000faaa0000, 0x00000000fb916000, 0x0000000100000000)
   the space 14808K,  96% used [0x00000000faaa0000, 0x00000000fb887588, 0x00000000fb887600, 0x00000000fb916000)
 Metaspace       used 31974K, capacity 33268K, committed 33536K, reserved 1079296K
  class space    used 4050K, capacity 4326K, committed 4352K, reserved 1048576K
Event: 96.524 GC heap after
Heap after GC invocations=22 (full 3):
 def new generation   total 14080K, used 0K [0x00000000f8000000, 0x00000000f8f40000, 0x00000000faaa0000)
  eden space 12544K,   0% used [0x00000000f8000000, 0x00000000f8000000, 0x00000000f8c40000)
  from space 1536K,   0% used [0x00000000f8c40000, 0x00000000f8c40000, 0x00000000f8dc0000)
  to   space 1536K,   0% used [0x00000000f8dc0000, 0x00000000f8dc0000, 0x00000000f8f40000)
 tenured generation   total 31044K, used 18625K [0x00000000faaa0000, 0x00000000fc8f1000, 0x0000000100000000)
   the space 31044K,  59% used [0x00000000faaa0000, 0x00000000fbcd0738, 0x00000000fbcd0800, 0x00000000fc8f1000)
 Metaspace       used 31974K, capacity 33268K, committed 33536K, reserved 1079296K
  class space    used 4050K, capacity 4326K, committed 4352K, reserved 1048576K
}
Event: 3163.251 GC heap before
{Heap before GC invocations=22 (full 3):
 def new generation   total 14080K, used 12544K [0x00000000f8000000, 0x00000000f8f40000, 0x00000000faaa0000)
  eden space 12544K, 100% used [0x00000000f8000000, 0x00000000f8c40000, 0x00000000f8c40000)
  from space 1536K,   0% used [0x00000000f8c40000, 0x00000000f8c40000, 0x00000000f8dc0000)
  to   space 1536K,   0% used [0x00000000f8dc0000, 0x00000000f8dc0000, 0x00000000f8f40000)
 tenured generation   total 31044K, used 18625K [0x00000000faaa0000, 0x00000000fc8f1000, 0x0000000100000000)
   the space 31044K,  59% used [0x00000000faaa0000, 0x00000000fbcd0738, 0x00000000fbcd0800, 0x00000000fc8f1000)
 Metaspace       used 32887K, capacity 34172K, committed 34432K, reserved 1079296K
  class space    used 4141K, capacity 4392K, committed 4480K, reserved 1048576K
Event: 3163.342 GC heap after
Heap after GC invocations=23 (full 3):
 def new generation   total 14080K, used 1031K [0x00000000f8000000, 0x00000000f8f40000, 0x00000000faaa0000)
  eden space 12544K,   0% used [0x00000000f8000000, 0x00000000f8000000, 0x00000000f8c40000)
  from space 1536K,  67% used [0x00000000f8dc0000, 0x00000000f8ec1ee8, 0x00000000f8f40000)
  to   space 1536K,   0% used [0x00000000f8c40000, 0x00000000f8c40000, 0x00000000f8dc0000)
 tenured generation   total 31044K, used 18625K [0x00000000faaa0000, 0x00000000fc8f1000, 0x0000000100000000)
   the space 31044K,  59% used [0x00000000faaa0000, 0x00000000fbcd0738, 0x00000000fbcd0800, 0x00000000fc8f1000)
 Metaspace       used 32887K, capacity 34172K, committed 34432K, reserved 1079296K
  class space    used 4141K, capacity 4392K, committed 4480K, reserved 1048576K
}

